Starting audit...
[ERROR] /home/rares/POO/oop-project-2023/etapa1/./src/commandsParser/SearchCommand.java:1:9: Name 'commandsParser' must match pattern '^[a-z]+(\.[a-zA-Z_][a-zA-Z0-9_]*)*$'. [PackageName]
[ERROR] /home/rares/POO/oop-project-2023/etapa1/./src/commandsParser/SearchCommand.java:10: Line is longer than 100 characters (found 120). [LineLength]
[ERROR] /home/rares/POO/oop-project-2023/etapa1/./src/commandsParser/SearchCommand.java:10:26: Parameter command should be final. [FinalParameters]
[ERROR] /home/rares/POO/oop-project-2023/etapa1/./src/commandsParser/SearchCommand.java:10:42: Parameter username should be final. [FinalParameters]
[ERROR] /home/rares/POO/oop-project-2023/etapa1/./src/commandsParser/SearchCommand.java:10:59: Parameter timestamp should be final. [FinalParameters]
[ERROR] /home/rares/POO/oop-project-2023/etapa1/./src/commandsParser/SearchCommand.java:10:78: Parameter type should be final. [FinalParameters]
[ERROR] /home/rares/POO/oop-project-2023/etapa1/./src/commandsParser/SearchCommand.java:10:91: Parameter filters should be final. [FinalParameters]
[ERROR] /home/rares/POO/oop-project-2023/etapa1/./src/commandsParser/SearchCommand.java:20:25: Parameter type should be final. [FinalParameters]
[ERROR] /home/rares/POO/oop-project-2023/etapa1/./src/commandsParser/SearchCommand.java:28:28: Parameter filters should be final. [FinalParameters]
[ERROR] /home/rares/POO/oop-project-2023/etapa1/./src/commandsParser/SelectCommand.java:1:9: Name 'commandsParser' must match pattern '^[a-z]+(\.[a-zA-Z_][a-zA-Z0-9_]*)*$'. [PackageName]
[ERROR] /home/rares/POO/oop-project-2023/etapa1/./src/commandsParser/SelectCommand.java:3:8: Unused import - java.util.HashMap. [UnusedImports]
[ERROR] /home/rares/POO/oop-project-2023/etapa1/./src/commandsParser/SelectCommand.java:4:8: Unused import - java.util.Map. [UnusedImports]
[ERROR] /home/rares/POO/oop-project-2023/etapa1/./src/commandsParser/SelectCommand.java:9:26: Parameter command should be final. [FinalParameters]
[ERROR] /home/rares/POO/oop-project-2023/etapa1/./src/commandsParser/SelectCommand.java:9:42: Parameter username should be final. [FinalParameters]
[ERROR] /home/rares/POO/oop-project-2023/etapa1/./src/commandsParser/SelectCommand.java:9:59: Parameter timestamp should be final. [FinalParameters]
[ERROR] /home/rares/POO/oop-project-2023/etapa1/./src/commandsParser/SelectCommand.java:9:78: Parameter itemNumber should be final. [FinalParameters]
[ERROR] /home/rares/POO/oop-project-2023/etapa1/./src/commandsParser/SelectCommand.java:18:31: Parameter itemNumber should be final. [FinalParameters]
[ERROR] /home/rares/POO/oop-project-2023/etapa1/./src/commandsParser/Command.java:1:9: Name 'commandsParser' must match pattern '^[a-z]+(\.[a-zA-Z_][a-zA-Z0-9_]*)*$'. [PackageName]
[ERROR] /home/rares/POO/oop-project-2023/etapa1/./src/commandsParser/Command.java:11:23: Parameter command should be final. [FinalParameters]
[ERROR] /home/rares/POO/oop-project-2023/etapa1/./src/commandsParser/Command.java:11:39: Parameter username should be final. [FinalParameters]
[ERROR] /home/rares/POO/oop-project-2023/etapa1/./src/commandsParser/Command.java:11:56: Parameter timestamp should be final. [FinalParameters]
[ERROR] /home/rares/POO/oop-project-2023/etapa1/./src/commandsParser/Command.java:17:5: Class 'Command' looks like designed for extension (can be subclassed), but the method 'getCommand' does not have javadoc that explains how to do that safely. If class is not designed for extension consider making the class 'Command' final or making the method 'getCommand' static/final/abstract/empty, or adding allowed annotation for the method. [DesignForExtension]
[ERROR] /home/rares/POO/oop-project-2023/etapa1/./src/commandsParser/Command.java:21:5: Class 'Command' looks like designed for extension (can be subclassed), but the method 'setCommand' does not have javadoc that explains how to do that safely. If class is not designed for extension consider making the class 'Command' final or making the method 'setCommand' static/final/abstract/empty, or adding allowed annotation for the method. [DesignForExtension]
[ERROR] /home/rares/POO/oop-project-2023/etapa1/./src/commandsParser/Command.java:21:28: Parameter command should be final. [FinalParameters]
[ERROR] /home/rares/POO/oop-project-2023/etapa1/./src/commandsParser/Command.java:25:5: Class 'Command' looks like designed for extension (can be subclassed), but the method 'getUsername' does not have javadoc that explains how to do that safely. If class is not designed for extension consider making the class 'Command' final or making the method 'getUsername' static/final/abstract/empty, or adding allowed annotation for the method. [DesignForExtension]
[ERROR] /home/rares/POO/oop-project-2023/etapa1/./src/commandsParser/Command.java:29:5: Class 'Command' looks like designed for extension (can be subclassed), but the method 'setUsername' does not have javadoc that explains how to do that safely. If class is not designed for extension consider making the class 'Command' final or making the method 'setUsername' static/final/abstract/empty, or adding allowed annotation for the method. [DesignForExtension]
[ERROR] /home/rares/POO/oop-project-2023/etapa1/./src/commandsParser/Command.java:29:29: Parameter username should be final. [FinalParameters]
[ERROR] /home/rares/POO/oop-project-2023/etapa1/./src/commandsParser/Command.java:33:5: Class 'Command' looks like designed for extension (can be subclassed), but the method 'getTimestamp' does not have javadoc that explains how to do that safely. If class is not designed for extension consider making the class 'Command' final or making the method 'getTimestamp' static/final/abstract/empty, or adding allowed annotation for the method. [DesignForExtension]
[ERROR] /home/rares/POO/oop-project-2023/etapa1/./src/commandsParser/Command.java:37:5: Class 'Command' looks like designed for extension (can be subclassed), but the method 'setTimestamp' does not have javadoc that explains how to do that safely. If class is not designed for extension consider making the class 'Command' final or making the method 'setTimestamp' static/final/abstract/empty, or adding allowed annotation for the method. [DesignForExtension]
[ERROR] /home/rares/POO/oop-project-2023/etapa1/./src/commandsParser/Command.java:37:30: Parameter timestamp should be final. [FinalParameters]
[ERROR] /home/rares/POO/oop-project-2023/etapa1/./src/main/Main.java:5:8: Unused import - com.fasterxml.jackson.annotation.JsonInclude. [UnusedImports]
[ERROR] /home/rares/POO/oop-project-2023/etapa1/./src/main/Main.java:20:8: Unused import - java.util.Iterator. [UnusedImports]
[ERROR] /home/rares/POO/oop-project-2023/etapa1/./src/main/Main.java:98:13: 'if' construct must use '{}'s. [NeedBraces]
[ERROR] /home/rares/POO/oop-project-2023/etapa1/./src/main/Main.java:108: Line is longer than 100 characters (found 148). [LineLength]
[ERROR] /home/rares/POO/oop-project-2023/etapa1/./src/main/Main.java:108:145: '{' is not followed by whitespace. [WhitespaceAround]
[ERROR] /home/rares/POO/oop-project-2023/etapa1/./src/main/Main.java:108:145: '{' is not preceded with whitespace. [WhitespaceAround]
[ERROR] /home/rares/POO/oop-project-2023/etapa1/./src/main/Main.java:108:146: '}' is not preceded with whitespace. [WhitespaceAround]
[ERROR] /home/rares/POO/oop-project-2023/etapa1/./src/main/Main.java:109: Line is longer than 100 characters (found 111). [LineLength]
[ERROR] /home/rares/POO/oop-project-2023/etapa1/./src/main/Main.java:113: Line is longer than 100 characters (found 115). [LineLength]
[ERROR] /home/rares/POO/oop-project-2023/etapa1/./src/fileio/input/UserInput.java:40:30: Parameter timestamp should be final. [FinalParameters]
Audit done.
Checkstyle ends with 40 errors.
